Assuming unrestricted shared filesystem usage.
host: node-24
Building DAG of jobs...
Using shell: /usr/bin/bash
Provided cores: 10
Rules claiming more threads will be scaled down.
Job stats:
job                     count
--------------------  -------
all                         1
mummer_align_babesia        4
total                       5

Select jobs to execute...
Execute 1 jobs...

[Thu May 22 20:00:57 2025]
localrule mummer_align_babesia:
    input: results/parsnp_Borrelia/core_borrelia_reference.fasta, /scratch/lustre/home/vira9982/Borreliella_target/genomes/Babesia/B_microti_RI/B_microti_RI.fna
    output: results/mummer/B_microti_RI/align.filtered.delta, results/mummer/B_microti_RI/align.coords
    jobid: 6
    reason: Missing output files: results/mummer/B_microti_RI/align.coords, results/mummer/B_microti_RI/align.filtered.delta
    wildcards: sample=B_microti_RI
    threads: 8
    resources: tmpdir=/tmp/slurm-vira9982-175446
Shell command: 
        mkdir -p results/mummer/B_microti_RI

        nucmer --maxmatch --nosimplify --minmatch=18 --mincluster=18 -p results/mummer/B_microti_RI/align results/parsnp_Borrelia/core_borrelia_reference.fasta /scratch/lustre/home/vira9982/Borreliella_target/genomes/Babesia/B_microti_RI/B_microti_RI.fna

        delta-filter -i 100 -l 18 results/mummer/B_microti_RI/align.delta > results/mummer/B_microti_RI/align.filtered.delta

        show-coords -rcl -T results/mummer/B_microti_RI/align.filtered.delta > results/mummer/B_microti_RI/align.coords
        
1: PREPARING DATA
2,3: RUNNING mummer AND CREATING CLUSTERS
# reading input file "results/mummer/B_microti_RI/align.ntref" of length 266544
# construct suffix tree for sequence of length 266544
# (maximum reference length is 2305843009213693948)
# (maximum query length is 18446744073709551615)
# process 2665 characters per dot
#....................................................................................................
# CONSTRUCTIONTIME /scratch/lustre/home/vira9982/miniconda3/envs/target_search/opt/mummer-3.23/mummer results/mummer/B_microti_RI/align.ntref 0.05
# reading input file "/scratch/lustre/home/vira9982/Borreliella_target/genomes/Babesia/B_microti_RI/B_microti_RI.fna" of length 6434490
# matching query-file "/scratch/lustre/home/vira9982/Borreliella_target/genomes/Babesia/B_microti_RI/B_microti_RI.fna"
# against subject-file "results/mummer/B_microti_RI/align.ntref"
Select jobs to execute...
# COMPLETETIME /scratch/lustre/home/vira9982/miniconda3/envs/target_search/opt/mummer-3.23/mummer results/mummer/B_microti_RI/align.ntref 1.82
# SPACE /scratch/lustre/home/vira9982/miniconda3/envs/target_search/opt/mummer-3.23/mummer results/mummer/B_microti_RI/align.ntref 6.47
4: FINISHING DATA
[Thu May 22 20:01:06 2025]
Finished jobid: 6 (Rule: mummer_align_babesia)
1 of 5 steps (20%) done
Execute 1 jobs...

[Thu May 22 20:01:06 2025]
localrule mummer_align_babesia:
    input: results/parsnp_Borrelia/core_borrelia_reference.fasta, /scratch/lustre/home/vira9982/Borreliella_target/genomes/Babesia/B_duncani_WA1/B_duncani_WA1.fna
    output: results/mummer/B_duncani_WA1/align.filtered.delta, results/mummer/B_duncani_WA1/align.coords
    jobid: 5
    reason: Missing output files: results/mummer/B_duncani_WA1/align.filtered.delta, results/mummer/B_duncani_WA1/align.coords
    wildcards: sample=B_duncani_WA1
    threads: 8
    resources: tmpdir=/tmp/slurm-vira9982-175446
Shell command: 
        mkdir -p results/mummer/B_duncani_WA1

        nucmer --maxmatch --nosimplify --minmatch=18 --mincluster=18 -p results/mummer/B_duncani_WA1/align results/parsnp_Borrelia/core_borrelia_reference.fasta /scratch/lustre/home/vira9982/Borreliella_target/genomes/Babesia/B_duncani_WA1/B_duncani_WA1.fna

        delta-filter -i 100 -l 18 results/mummer/B_duncani_WA1/align.delta > results/mummer/B_duncani_WA1/align.filtered.delta

        show-coords -rcl -T results/mummer/B_duncani_WA1/align.filtered.delta > results/mummer/B_duncani_WA1/align.coords
        
1: PREPARING DATA
2,3: RUNNING mummer AND CREATING CLUSTERS
# reading input file "results/mummer/B_duncani_WA1/align.ntref" of length 266544
# construct suffix tree for sequence of length 266544
# (maximum reference length is 2305843009213693948)
# (maximum query length is 18446744073709551615)
# process 2665 characters per dot
#....................................................................................................
# CONSTRUCTIONTIME /scratch/lustre/home/vira9982/miniconda3/envs/target_search/opt/mummer-3.23/mummer results/mummer/B_duncani_WA1/align.ntref 0.04
# reading input file "/scratch/lustre/home/vira9982/Borreliella_target/genomes/Babesia/B_duncani_WA1/B_duncani_WA1.fna" of length 10408218
# matching query-file "/scratch/lustre/home/vira9982/Borreliella_target/genomes/Babesia/B_duncani_WA1/B_duncani_WA1.fna"
# against subject-file "results/mummer/B_duncani_WA1/align.ntref"
Select jobs to execute...
# COMPLETETIME /scratch/lustre/home/vira9982/miniconda3/envs/target_search/opt/mummer-3.23/mummer results/mummer/B_duncani_WA1/align.ntref 2.70
# SPACE /scratch/lustre/home/vira9982/miniconda3/envs/target_search/opt/mummer-3.23/mummer results/mummer/B_duncani_WA1/align.ntref 10.32
4: FINISHING DATA
[Thu May 22 20:01:16 2025]
Finished jobid: 5 (Rule: mummer_align_babesia)
2 of 5 steps (40%) done
Execute 1 jobs...

[Thu May 22 20:01:16 2025]
localrule mummer_align_babesia:
    input: results/parsnp_Borrelia/core_borrelia_reference.fasta, /scratch/lustre/home/vira9982/Borreliella_target/genomes/Babesia/B_divergens_1802A/B_divergens_1802A.fna
    output: results/mummer/B_divergens_1802A/align.filtered.delta, results/mummer/B_divergens_1802A/align.coords
    jobid: 3
    reason: Missing output files: results/mummer/B_divergens_1802A/align.filtered.delta, results/mummer/B_divergens_1802A/align.coords
    wildcards: sample=B_divergens_1802A
    threads: 8
    resources: tmpdir=/tmp/slurm-vira9982-175446
Shell command: 
        mkdir -p results/mummer/B_divergens_1802A

        nucmer --maxmatch --nosimplify --minmatch=18 --mincluster=18 -p results/mummer/B_divergens_1802A/align results/parsnp_Borrelia/core_borrelia_reference.fasta /scratch/lustre/home/vira9982/Borreliella_target/genomes/Babesia/B_divergens_1802A/B_divergens_1802A.fna

        delta-filter -i 100 -l 18 results/mummer/B_divergens_1802A/align.delta > results/mummer/B_divergens_1802A/align.filtered.delta

        show-coords -rcl -T results/mummer/B_divergens_1802A/align.filtered.delta > results/mummer/B_divergens_1802A/align.coords
        
1: PREPARING DATA
2,3: RUNNING mummer AND CREATING CLUSTERS
# reading input file "results/mummer/B_divergens_1802A/align.ntref" of length 266544
# construct suffix tree for sequence of length 266544
# (maximum reference length is 2305843009213693948)
# (maximum query length is 18446744073709551615)
# process 2665 characters per dot
#....................................................................................................
# CONSTRUCTIONTIME /scratch/lustre/home/vira9982/miniconda3/envs/target_search/opt/mummer-3.23/mummer results/mummer/B_divergens_1802A/align.ntref 0.04
# reading input file "/scratch/lustre/home/vira9982/Borreliella_target/genomes/Babesia/B_divergens_1802A/B_divergens_1802A.fna" Select jobs to execute...
of length 9578408
# matching query-file "/scratch/lustre/home/vira9982/Borreliella_target/genomes/Babesia/B_divergens_1802A/B_divergens_1802A.fna"
# against subject-file "results/mummer/B_divergens_1802A/align.ntref"
# COMPLETETIME /scratch/lustre/home/vira9982/miniconda3/envs/target_search/opt/mummer-3.23/mummer results/mummer/B_divergens_1802A/align.ntref 2.30
# SPACE /scratch/lustre/home/vira9982/miniconda3/envs/target_search/opt/mummer-3.23/mummer results/mummer/B_divergens_1802A/align.ntref 9.52
4: FINISHING DATA
[Thu May 22 20:01:20 2025]
Finished jobid: 3 (Rule: mummer_align_babesia)
3 of 5 steps (60%) done
Execute 1 jobs...

[Thu May 22 20:01:20 2025]
localrule mummer_align_babesia:
    input: results/parsnp_Borrelia/core_borrelia_reference.fasta, /scratch/lustre/home/vira9982/Borreliella_target/genomes/Babesia/B_divergens_Rouen1987/B_divergens_Rouen1987.fna
    output: results/mummer/B_divergens_Rouen1987/align.filtered.delta, results/mummer/B_divergens_Rouen1987/align.coords
    jobid: 4
    reason: Missing output files: results/mummer/B_divergens_Rouen1987/align.filtered.delta, results/mummer/B_divergens_Rouen1987/align.coords
    wildcards: sample=B_divergens_Rouen1987
    threads: 8
    resources: tmpdir=/tmp/slurm-vira9982-175446
Shell command: 
        mkdir -p results/mummer/B_divergens_Rouen1987

        nucmer --maxmatch --nosimplify --minmatch=18 --mincluster=18 -p results/mummer/B_divergens_Rouen1987/align results/parsnp_Borrelia/core_borrelia_reference.fasta /scratch/lustre/home/vira9982/Borreliella_target/genomes/Babesia/B_divergens_Rouen1987/B_divergens_Rouen1987.fna

        delta-filter -i 100 -l 18 results/mummer/B_divergens_Rouen1987/align.delta > results/mummer/B_divergens_Rouen1987/align.filtered.delta

        show-coords -rcl -T results/mummer/B_divergens_Rouen1987/align.filtered.delta > results/mummer/B_divergens_Rouen1987/align.coords
        
1: PREPARING DATA
2,3: RUNNING mummer AND CREATING CLUSTERS
# reading input file "results/mummer/B_divergens_Rouen1987/align.ntref" of length 266544
# construct suffix tree for sequence of length 266544
# (maximum reference length is 2305843009213693948)
# (maximum query length is 18446744073709551615)
# process 2665 characters per dot
#....................................................................................................
# CONSTRUCTIONTIME /scratch/lustre/home/vira9982/miniconda3/envs/target_search/opt/mummer-3.23/mummer results/mummer/B_divergens_Rouen1987/align.ntref 0.05
# reading input file "/scratch/lustre/home/vira9982/Borreliella_target/genomes/Babesia/B_divergens_Rouen1987/B_divergens_Rouen1987.fna" of length 9725548
# matching query-file "/scratch/lustre/home/vira9982/Borreliella_target/genomes/Babesia/B_divergens_Rouen1987/B_divergens_Rouen1987.fna"
# against subject-file "results/mummer/B_divergens_Rouen1987/align.ntref"
# COMPLETETIME /scratch/lustre/home/vira9982/miniconda3/envs/target_search/opt/mummer-3.23/mummer results/mummer/B_divergens_Rouen1987/align.ntref 2.34
# SPACE /scratch/lustre/home/vira9982/miniconda3/envs/target_search/opt/mummer-3.23/mummer results/mummer/B_divergens_Rouen1987/align.ntref 9.67
4: FINISHING DATA
[Thu May 22 20:01:24 2025]
Finished jobid: 4 (Rule: mummer_align_babesia)
4 of 5 steps (80%) done
Select jobs to execute...
Execute 1 jobs...

[Thu May 22 20:01:24 2025]
localrule all:
    input: results/parsnp_Borrelia/parsnp/parsnp.xmfa, results/parsnp_Borrelia/parsnp/parsnp.tree, results/parsnp_Borrelia/parsnp/parsnp.ggr, results/parsnp_Borrelia/core_borrelia_reference.fasta, results/mummer/B_divergens_1802A/align.filtered.delta, results/mummer/B_divergens_Rouen1987/align.filtered.delta, results/mummer/B_duncani_WA1/align.filtered.delta, results/mummer/B_microti_RI/align.filtered.delta, results/mummer/B_divergens_1802A/align.coords, results/mummer/B_divergens_Rouen1987/align.coords, results/mummer/B_duncani_WA1/align.coords, results/mummer/B_microti_RI/align.coords
    jobid: 0
    reason: Input files updated by another job: results/mummer/B_microti_RI/align.coords, results/mummer/B_divergens_Rouen1987/align.filtered.delta, results/mummer/B_microti_RI/align.filtered.delta, results/mummer/B_divergens_1802A/align.coords, results/mummer/B_duncani_WA1/align.coords, results/mummer/B_divergens_1802A/align.filtered.delta, results/mummer/B_duncani_WA1/align.filtered.delta, results/mummer/B_divergens_Rouen1987/align.coords
    resources: tmpdir=/tmp/slurm-vira9982-175446
Shell command: None
[Thu May 22 20:01:24 2025]
Finished jobid: 0 (Rule: all)
5 of 5 steps (100%) done
Complete log(s): /scratch/lustre/home/vira9982/Borreliella_target/Borreliella-analysis/workflow/.snakemake/log/2025-05-22T200051.926103.snakemake.log
