Building DAG of jobs...
Using shell: /usr/bin/bash
Provided cores: 10
Rules claiming more threads will be scaled down.
Job stats:
job                  count
-----------------  -------
all                      1
extract_tigr_grna        1
total                    2

Select jobs to execute...

[Fri May 16 09:28:22 2025]
rule extract_tigr_grna:
    input: results/panaroo/core_gene_alignment_filtered.aln
    output: results/tigr_grna_18mers.tsv, results/tigr_grna_with_primers.tsv, results/tigr_grna_primer_filter_stages.tsv
    jobid: 2
    reason: Code has changed since last execution
    resources: tmpdir=/tmp/slurm-vira9982-173307

Building DAG of jobs...
Using shell: /usr/bin/bash
Provided cores: 10
Rules claiming more threads will be scaled down.
Select jobs to execute...
Total alignment length: 755037
Number of genomes: 15
=== TIGR gRNA Extraction Report ===
Total 18-mer windows scanned: 754929
Skipped due to gaps: 58013
Skipped due to non-conservation: 696859
Passed seed region filter: 57
Passed GC/homopolymer filter: 18
Primers passed basic GC/homopolymer checks: 0
Primers failed secondary structure check: 0
Written with valid primers: 0
[Fri May 16 09:28:39 2025]
Finished job 2.
1 of 2 steps (50%) done
Select jobs to execute...

[Fri May 16 09:28:39 2025]
localrule all:
    input: /scratch/lustre/home/vira9982/Borreliella_target/genomes/Borrelia/B_afzelii_PKo/B_afzelii_PKo_prokka/B_afzelii_PKo.gff, /scratch/lustre/home/vira9982/Borreliella_target/genomes/Borrelia/B_afzelii_BO23/B_afzelii_BO23_prokka/B_afzelii_BO23.gff, /scratch/lustre/home/vira9982/Borreliella_target/genomes/Borrelia/B_afzelii_K78/B_afzelii_K78_prokka/B_afzelii_K78.gff, /scratch/lustre/home/vira9982/Borreliella_target/genomes/Borrelia/B_afzelii_Tom3107/B_afzelii_Tom3107_prokka/B_afzelii_Tom3107.gff, /scratch/lustre/home/vira9982/Borreliella_target/genomes/Borrelia/B_burgdorferi_PAbe/B_burgdorferi_PAbe_prokka/B_burgdorferi_PAbe.gff, /scratch/lustre/home/vira9982/Borreliella_target/genomes/Borrelia/B_burgdorferi_B31/B_burgdorferi_B31_prokka/B_burgdorferi_B31.gff, /scratch/lustre/home/vira9982/Borreliella_target/genomes/Borrelia/B_burgdorferi_NE5248/B_burgdorferi_NE5248_prokka/B_burgdorferi_NE5248.gff, /scratch/lustre/home/vira9982/Borreliella_target/genomes/Borrelia/B_burgdorferi_PFheI/B_burgdorferi_PFheI_prokka/B_burgdorferi_PFheI.gff, /scratch/lustre/home/vira9982/Borreliella_target/genomes/Borrelia/B_bavariensis_PBi/B_bavariensis_PBi_prokka/B_bavariensis_PBi.gff, /scratch/lustre/home/vira9982/Borreliella_target/genomes/Borrelia/B_bavariensis_PBaell/B_bavariensis_PBaell_prokka/B_bavariensis_PBaell.gff, /scratch/lustre/home/vira9982/Borreliella_target/genomes/Borrelia/B_bavariensis_NT24/B_bavariensis_NT24_prokka/B_bavariensis_NT24.gff, /scratch/lustre/home/vira9982/Borreliella_target/genomes/Borrelia/B_garinii_PBes/B_garinii_PBes_prokka/B_garinii_PBes.gff, /scratch/lustre/home/vira9982/Borreliella_target/genomes/Borrelia/B_garinii_20047/B_garinii_20047_prokka/B_garinii_20047.gff, /scratch/lustre/home/vira9982/Borreliella_target/genomes/Borrelia/B_garinii_BgVir/B_garinii_BgVir_prokka/B_garinii_BgVir.gff, /scratch/lustre/home/vira9982/Borreliella_target/genomes/Borrelia/B_garinii_NT31/B_garinii_NT31_prokka/B_garinii_NT31.gff, results/panaroo/core_gene_alignment_filtered.aln, results/tigr_grna_18mers.tsv, results/tigr_grna_with_primers.tsv, results/tigr_grna_primer_filter_stages.tsv
    jobid: 0
    reason: Input files updated by another job: results/tigr_grna_18mers.tsv, results/tigr_grna_primer_filter_stages.tsv, results/tigr_grna_with_primers.tsv
    resources: tmpdir=/tmp/slurm-vira9982-173307

[Fri May 16 09:28:39 2025]
Finished job 0.
2 of 2 steps (100%) done
Complete log: .snakemake/log/2025-05-16T092820.577930.snakemake.log
