Assuming unrestricted shared filesystem usage.
host: node-23
Building DAG of jobs...
Using shell: /usr/bin/bash
Provided cores: 10
Rules claiming more threads will be scaled down.
Job stats:
job       count
------  -------
all           1
parsnp        1
total         2

Select jobs to execute...
Execute 1 jobs...

[Thu May 22 00:47:21 2025]
localrule parsnp:
    input: /scratch/lustre/home/vira9982/Borreliella_target/genomes/Borrelia/B_afzelii_Tom3107/B_afzelii_Tom3107.fna, /scratch/lustre/home/vira9982/Borreliella_target/genomes/Borrelia/B_afzelii_PKo/B_afzelii_PKo.fna, /scratch/lustre/home/vira9982/Borreliella_target/genomes/Borrelia/B_afzelii_BO23/B_afzelii_BO23.fna, /scratch/lustre/home/vira9982/Borreliella_target/genomes/Borrelia/B_afzelii_K78/B_afzelii_K78.fna, /scratch/lustre/home/vira9982/Borreliella_target/genomes/Borrelia/B_burgdorferi_PAbe/B_burgdorferi_PAbe.fna, /scratch/lustre/home/vira9982/Borreliella_target/genomes/Borrelia/B_burgdorferi_B31/B_burgdorferi_B31.fna, /scratch/lustre/home/vira9982/Borreliella_target/genomes/Borrelia/B_burgdorferi_NE5248/B_burgdorferi_NE5248.fna, /scratch/lustre/home/vira9982/Borreliella_target/genomes/Borrelia/B_burgdorferi_PFheI/B_burgdorferi_PFheI.fna, /scratch/lustre/home/vira9982/Borreliella_target/genomes/Borrelia/B_bavariensis_PBi/B_bavariensis_PBi.fna, /scratch/lustre/home/vira9982/Borreliella_target/genomes/Borrelia/B_bavariensis_PBaell/B_bavariensis_PBaell.fna, /scratch/lustre/home/vira9982/Borreliella_target/genomes/Borrelia/B_bavariensis_NT24/B_bavariensis_NT24.fna, /scratch/lustre/home/vira9982/Borreliella_target/genomes/Borrelia/B_garinii_PBes/B_garinii_PBes.fna, /scratch/lustre/home/vira9982/Borreliella_target/genomes/Borrelia/B_garinii_20047/B_garinii_20047.fna, /scratch/lustre/home/vira9982/Borreliella_target/genomes/Borrelia/B_garinii_BgVir/B_garinii_BgVir.fna, /scratch/lustre/home/vira9982/Borreliella_target/genomes/Borrelia/B_garinii_NT31/B_garinii_NT31.fna
    output: results/parsnp_Borrelia/parsnp/parsnp.xmfa, results/parsnp_Borrelia/parsnp/parsnp.tree, results/parsnp_Borrelia/parsnp/parsnp.ggr
    jobid: 1
    reason: Missing output files: results/parsnp_Borrelia/parsnp/parsnp.tree, results/parsnp_Borrelia/parsnp/parsnp.xmfa, results/parsnp_Borrelia/parsnp/parsnp.ggr
    threads: 8
    resources: tmpdir=/tmp/slurm-vira9982-175169
Shell command: 
        mkdir -p results/parsnp_Borrelia/genomes
        
        # Remove only existing symlinks or broken links, not the directory itself
        find results/parsnp_Borrelia/genomes -type l -delete

        # Symlink non-reference genome files
        for genome in /scratch/lustre/home/vira9982/Borreliella_target/genomes/Borrelia/B_afzelii_PKo/B_afzelii_PKo.fna /scratch/lustre/home/vira9982/Borreliella_target/genomes/Borrelia/B_afzelii_BO23/B_afzelii_BO23.fna /scratch/lustre/home/vira9982/Borreliella_target/genomes/Borrelia/B_afzelii_K78/B_afzelii_K78.fna /scratch/lustre/home/vira9982/Borreliella_target/genomes/Borrelia/B_burgdorferi_PAbe/B_burgdorferi_PAbe.fna /scratch/lustre/home/vira9982/Borreliella_target/genomes/Borrelia/B_burgdorferi_B31/B_burgdorferi_B31.fna /scratch/lustre/home/vira9982/Borreliella_target/genomes/Borrelia/B_burgdorferi_NE5248/B_burgdorferi_NE5248.fna /scratch/lustre/home/vira9982/Borreliella_target/genomes/Borrelia/B_burgdorferi_PFheI/B_burgdorferi_PFheI.fna /scratch/lustre/home/vira9982/Borreliella_target/genomes/Borrelia/B_bavariensis_PBi/B_bavariensis_PBi.fna /scratch/lustre/home/vira9982/Borreliella_target/genomes/Borrelia/B_bavariensis_PBaell/B_bavariensis_PBaell.fna /scratch/lustre/home/vira9982/Borreliella_target/genomes/Borrelia/B_bavariensis_NT24/B_bavariensis_NT24.fna /scratch/lustre/home/vira9982/Borreliella_target/genomes/Borrelia/B_garinii_PBes/B_garinii_PBes.fna /scratch/lustre/home/vira9982/Borreliella_target/genomes/Borrelia/B_garinii_20047/B_garinii_20047.fna /scratch/lustre/home/vira9982/Borreliella_target/genomes/Borrelia/B_garinii_BgVir/B_garinii_BgVir.fna /scratch/lustre/home/vira9982/Borreliella_target/genomes/Borrelia/B_garinii_NT31/B_garinii_NT31.fna; do
            ln -sf $(realpath $genome) results/parsnp_Borrelia/genomes/
        done

        echo "Final contents of results/parsnp_Borrelia/genomes:"
        ls -lh results/parsnp_Borrelia/genomes

        # Run Parsnp
        parsnp -r /scratch/lustre/home/vira9982/Borreliella_target/genomes/Borrelia/B_afzelii_Tom3107/B_afzelii_Tom3107.fna -d results/parsnp_Borrelia/genomes -p 8 -o results/parsnp_Borrelia/parsnp --fo
        
Activating conda environment: .snakemake/conda/b4336a4b
Final contents of results/parsnp_Borrelia/genomes:
total 7.0K
lrwxrwxrwx 1 vira9982 vira9982_  99 May 22 00:47 B_afzelii_BO23.fna -> /scratch/lustre/home/vira9982/Borreliella_target/genomes/Borrelia/B_afzelii_BO23/B_afzelii_BO23.fna
lrwxrwxrwx 1 vira9982 vira9982_  97 May 22 00:47 B_afzelii_K78.fna -> /scratch/lustre/home/vira9982/Borreliella_target/genomes/Borrelia/B_afzelii_K78/B_afzelii_K78.fna
lrwxrwxrwx 1 vira9982 vira9982_  97 May 22 00:47 B_afzelii_PKo.fna -> /scratch/lustre/home/vira9982/Borreliella_target/genomes/Borrelia/B_afzelii_PKo/B_afzelii_PKo.fna
lrwxrwxrwx 1 vira9982 vira9982_ 107 May 22 00:47 B_bavariensis_NT24.fna -> /scratch/lustre/home/vira9982/Borreliella_target/genomes/Borrelia/B_bavariensis_NT24/B_bavariensis_NT24.fna
lrwxrwxrwx 1 vira9982 vira9982_ 111 May 22 00:47 B_bavariensis_PBaell.fna -> /scratch/lustre/home/vira9982/Borreliella_target/genomes/Borrelia/B_bavariensis_PBaell/B_bavariensis_PBaell.fna
lrwxrwxrwx 1 vira9982 vira9982_ 105 May 22 00:47 B_bavariensis_PBi.fna -> /scratch/lustre/home/vira9982/Borreliella_target/genomes/Borrelia/B_bavariensis_PBi/B_bavariensis_PBi.fna
lrwxrwxrwx 1 vira9982 vira9982_ 105 May 22 00:47 B_burgdorferi_B31.fna -> /scratch/lustre/home/vira9982/Borreliella_target/genomes/Borrelia/B_burgdorferi_B31/B_burgdorferi_B31.fna
lrwxrwxrwx 1 vira9982 vira9982_ 111 May 22 00:47 B_burgdorferi_NE5248.fna -> /scratch/lustre/home/vira9982/Borreliella_target/genomes/Borrelia/B_burgdorferi_NE5248/B_burgdorferi_NE5248.fna
lrwxrwxrwx 1 vira9982 vira9982_ 107 May 22 00:47 B_burgdorferi_PAbe.fna -> /scratch/lustre/home/vira9982/Borreliella_target/genomes/Borrelia/B_burgdorferi_PAbe/B_burgdorferi_PAbe.fna
lrwxrwxrwx 1 vira9982 vira9982_ 109 May 22 00:47 B_burgdorferi_PFheI.fna -> /scratch/lustre/home/vira9982/Borreliella_target/genomes/Borrelia/B_burgdorferi_PFheI/B_burgdorferi_PFheI.fna
lrwxrwxrwx 1 vira9982 vira9982_ 101 May 22 00:47 B_garinii_20047.fna -> /scratch/lustre/home/vira9982/Borreliella_target/genomes/Borrelia/B_garinii_20047/B_garinii_20047.fna
lrwxrwxrwx 1 vira9982 vira9982_ 101 May 22 00:47 B_garinii_BgVir.fna -> /scratch/lustre/home/vira9982/Borreliella_target/genomes/Borrelia/B_garinii_BgVir/B_garinii_BgVir.fna
lrwxrwxrwx 1 vira9982 vira9982_  99 May 22 00:47 B_garinii_NT31.fna -> /scratch/lustre/home/vira9982/Borreliella_target/genomes/Borrelia/B_garinii_NT31/B_garinii_NT31.fna
lrwxrwxrwx 1 vira9982 vira9982_  99 May 22 00:47 B_garinii_PBes.fna -> /scratch/lustre/home/vira9982/Borreliella_target/genomes/Borrelia/B_garinii_PBes/B_garinii_PBes.fna
00:47:22 - [1;37mINFO[0m - |--Parsnp 2.1.4--|

00:47:22 - [1;33mWARNING[0m - Output directory results/parsnp_Borrelia/parsnp exists, all results will be overwritten
00:47:22 - [1;37mINFO[0m - 
***********************************************
SETTINGS:
|-refgenome:	/scratch/lustre/home/vira9982/Borreliella_target/genomes/Borrelia/B_afzelii_Tom3107/B_afzelii_Tom3107.fna
|-genomes:	
	results/parsnp_Borrelia/genomes/B_afzelii_PKo.fna
	results/parsnp_Borrelia/genomes/B_garinii_BgVir.fna
	...10 more file(s)...
	results/parsnp_Borrelia/genomes/B_afzelii_K78.fna
	results/parsnp_Borrelia/genomes/B_burgdorferi_NE5248.fna
|-aligner:	muscle
|-outdir:	results/parsnp_Borrelia/parsnp
|-OS:	Linux
|-threads:	8
***********************************************
    
00:47:22 - [1;37mINFO[0m - <<Parsnp started>>
00:47:22 - [1;37mINFO[0m - No genbank file provided for reference annotations, skipping..
00:47:22 - [1;37mINFO[0m - Filtering genomes...
00:47:25 - [1;37mINFO[0m - Too few genomes to run partitions of size >50. Running all genomes at once.
00:47:25 - [1;37mINFO[0m - Running Parsnp multi-MUM search and libMUSCLE aligner...
00:47:57 - [1;37mINFO[0m - Reconstructing core genome phylogeny...
00:47:59 - [1;37mINFO[0m - Aligned 15 genomes in 37.56 seconds
00:47:59 - [1;37mINFO[0m - Parsnp finished! All output available in results/parsnp_Borrelia/parsnp
[Thu May 22 00:48:00 2025]
Finished jobid: 1 (Rule: parsnp)
1 of 2 steps (50%) done
Select jobs to execute...
Execute 1 jobs...

[Thu May 22 00:48:00 2025]
localrule all:
    input: results/parsnp_Borrelia/parsnp/parsnp.xmfa, results/parsnp_Borrelia/parsnp/parsnp.tree, results/parsnp_Borrelia/parsnp/parsnp.ggr
    jobid: 0
    reason: Input files updated by another job: results/parsnp_Borrelia/parsnp/parsnp.ggr, results/parsnp_Borrelia/parsnp/parsnp.tree, results/parsnp_Borrelia/parsnp/parsnp.xmfa
    resources: tmpdir=/tmp/slurm-vira9982-175169
Shell command: None
[Thu May 22 00:48:00 2025]
Finished jobid: 0 (Rule: all)
2 of 2 steps (100%) done
Complete log(s): /scratch/lustre/home/vira9982/Borreliella_target/Borreliella-analysis/workflow/.snakemake/log/2025-05-22T004717.977238.snakemake.log
