Building DAG of jobs...
Using shell: /usr/bin/bash
Provided cores: 10
Rules claiming more threads will be scaled down.
Job stats:
job                            count
---------------------------  -------
all                                1
blast_tigr_grna_all                1
build_conserved_18mer_fasta        1
extract_tigr_grna                  1
filter_tigr_grna_hits              1
summarize_grnas                    1
total                              6

Select jobs to execute...

[Tue May  6 13:58:54 2025]
rule extract_tigr_grna:
    input: results/panaroo/core_gene_alignment_filtered.aln
    output: results/tigr_grna_18mers.tsv
    jobid: 10
    reason: Code has changed since last execution
    resources: tmpdir=/tmp/slurm-vira9982-170369

Building DAG of jobs...
Using shell: /usr/bin/bash
Provided cores: 10
Rules claiming more threads will be scaled down.
Select jobs to execute...
Total alignment length: 821107
Number of genomes: 4
=== TIGR gRNA Extraction Report ===
Total 18-mer windows scanned: 821090
Skipped due to gaps: 12625
Skipped due to non-conservation: 687436
Passed seed region filter: 121029
Passed GC/homopolymer filter: 12836
Written to file: 12836
[Tue May  6 13:59:00 2025]
Finished job 10.
1 of 6 steps (17%) done
Select jobs to execute...

[Tue May  6 13:59:00 2025]
rule build_conserved_18mer_fasta:
    input: results/tigr_grna_18mers.tsv
    output: results/panaroo/conserved_18mers.fa
    jobid: 12
    reason: Input files updated by another job: results/tigr_grna_18mers.tsv
    resources: tmpdir=/tmp/slurm-vira9982-170369

Building DAG of jobs...
Using shell: /usr/bin/bash
Provided cores: 10
Rules claiming more threads will be scaled down.
Select jobs to execute...
[Tue May  6 13:59:01 2025]
Finished job 12.
2 of 6 steps (33%) done
Select jobs to execute...

[Tue May  6 13:59:01 2025]
rule blast_tigr_grna_all:
    input: results/panaroo/conserved_18mers.fa, results/blastdb/Ixodes.nin, results/blastdb/Midichloria.nin, results/blastdb/Rickettsiella.nin, results/blastdb/Spiroplasma.nin
    output: results/blast/tigr/all_hits.tsv
    jobid: 11
    reason: Input files updated by another job: results/panaroo/conserved_18mers.fa
    resources: tmpdir=/tmp/slurm-vira9982-170369

Building DAG of jobs...
Using shell: /usr/bin/bash
Provided cores: 10
Rules claiming more threads will be scaled down.
Select jobs to execute...
[Tue May  6 14:14:24 2025]
Finished job 11.
3 of 6 steps (50%) done
Select jobs to execute...

[Tue May  6 14:14:24 2025]
rule filter_tigr_grna_hits:
    input: results/tigr_grna_18mers.tsv, results/blast/tigr/all_hits.tsv
    output: results/final_filtered_tigr_grna.tsv
    jobid: 13
    reason: Input files updated by another job: results/tigr_grna_18mers.tsv, results/blast/tigr/all_hits.tsv
    resources: tmpdir=/tmp/slurm-vira9982-170369

Building DAG of jobs...
Using shell: /usr/bin/bash
Provided cores: 10
Rules claiming more threads will be scaled down.
Select jobs to execute...
[Tue May  6 14:14:25 2025]
Finished job 13.
4 of 6 steps (67%) done
Select jobs to execute...

[Tue May  6 14:14:25 2025]
rule summarize_grnas:
    input: results/tigr_grna_18mers.tsv, results/final_filtered_tigr_grna.tsv
    output: results/tigr_grna_summary.txt
    jobid: 14
    reason: Input files updated by another job: results/final_filtered_tigr_grna.tsv, results/tigr_grna_18mers.tsv
    resources: tmpdir=/tmp/slurm-vira9982-170369

Building DAG of jobs...
Using shell: /usr/bin/bash
Provided cores: 10
Rules claiming more threads will be scaled down.
Select jobs to execute...
[Tue May  6 14:14:26 2025]
Finished job 14.
5 of 6 steps (83%) done
Select jobs to execute...

[Tue May  6 14:14:26 2025]
localrule all:
    input: /scratch/lustre/home/vira9982/Borreliella_target/genomes/B_afzelii_PKo/B_afzelii_PKo_prokka/B_afzelii_PKo.gff, /scratch/lustre/home/vira9982/Borreliella_target/genomes/B_burgdorferi_PAbe/B_burgdorferi_PAbe_prokka/B_burgdorferi_PAbe.gff, /scratch/lustre/home/vira9982/Borreliella_target/genomes/B_bavariensis_PBi/B_bavariensis_PBi_prokka/B_bavariensis_PBi.gff, /scratch/lustre/home/vira9982/Borreliella_target/genomes/B_garinii_PBes/B_garinii_PBes_prokka/B_garinii_PBes.gff, results/panaroo/core_gene_alignment.aln, results/panaroo/gene_presence_absence.csv, results/panaroo/core_gene_alignment_filtered.aln, results/blastdb/Ixodes.nin, results/blastdb/Midichloria.nin, results/blastdb/Rickettsiella.nin, results/blastdb/Spiroplasma.nin, results/tigr_grna_18mers.tsv, results/blast/tigr/all_hits.tsv, results/final_filtered_tigr_grna.tsv, results/tigr_grna_summary.txt
    jobid: 0
    reason: Input files updated by another job: results/final_filtered_tigr_grna.tsv, results/tigr_grna_18mers.tsv, results/blast/tigr/all_hits.tsv, results/tigr_grna_summary.txt
    resources: tmpdir=/tmp/slurm-vira9982-170369

[Tue May  6 14:14:26 2025]
Finished job 0.
6 of 6 steps (100%) done
Complete log: .snakemake/log/2025-05-06T135851.948572.snakemake.log
